<?xml version="1.0" encoding="UTF-8"?>
<!-- Generated by org.testng.reporters.JUnitReportReporter -->
<testsuite hostname="DESKTOP-715ID5O" failures="0" tests="2" name="test_ng_demo1.Test_Class1" time="0.017" errors="0" timestamp="2024-03-26T04:27:39 IST" skipped="0">
  <testcase classname="test_ng_demo1.Test_Class1" name="method1" time="0.014"/>
  <system-out/>
  <testcase classname="test_ng_demo1.Test_Class1" name="method2" time="0.003"/>
  <system-out/>
</testsuite> <!-- test_ng_demo1.Test_Class1 -->
